This file contains any messages produced by compilers while
running configure, to aid debugging if configure makes a mistake.

It was created by configure, which was
generated by GNU Autoconf 2.61.  Invocation command line was

  $ ./configure --without-arts --prefix=/usr

## --------- ##
## Platform. ##
## --------- ##

hostname = dmitry
uname -m = i686
uname -r = 2.6.18-4-k7
uname -s = Linux
uname -v = #1 SMP Mon Mar 26 17:57:15 UTC 2007

/usr/bin/uname -p = unknown
/bin/uname -X     = unknown

/bin/arch              = i686
/usr/bin/arch -k       = unknown
/usr/convex/getsysinfo = unknown
/usr/bin/hostinfo      = unknown
/bin/machine           = unknown
/usr/bin/oslevel       = unknown
/bin/universe          = unknown

PATH: /usr/local/bin
PATH: /usr/bin
PATH: /bin
PATH: /usr/games


## ----------- ##
## Core tests. ##
## ----------- ##

configure:2176: checking build system type
configure:2194: result: i686-pc-linux-gnu
configure:2216: checking host system type
configure:2231: result: i686-pc-linux-gnu
configure:2253: checking target system type
configure:2268: result: i686-pc-linux-gnu
configure:2329: checking for a BSD-compatible install
configure:2385: result: /usr/bin/install -c
configure:2400: checking for -p flag to install
configure:2413: result: yes
configure:2424: checking whether build environment is sane
configure:2467: result: yes
configure:2519: checking for gawk
configure:2535: found /usr/bin/gawk
configure:2546: result: gawk
configure:2557: checking whether make sets $(MAKE)
configure:2578: result: yes
configure:2852: checking for kde-config
configure:2914: result: /usr/bin/kde-config
configure:2937: checking where to install
configure:2945: result: /usr (as requested)
configure:2996: checking for style of include used by make
configure:3024: result: GNU
configure:3174: checking for gcc
configure:3190: found /usr/bin/gcc
configure:3201: result: gcc
configure:3439: checking for C compiler version
configure:3446: gcc --version >&5
gcc (GCC) 4.1.2 20061115 (prerelease) (Debian 4.1.1-21)
Copyright (C) 2006 Free Software Foundation, Inc.
This is free software; see the source for copying conditions.  There is NO
warranty; not even for MERCHANTABILITY or FITNESS FOR A PARTICULAR PURPOSE.

configure:3449: $? = 0
configure:3456: gcc -v >&5
Using built-in specs.
Target: i486-linux-gnu
Configured with: ../src/configure -v --enable-languages=c,c++,fortran,objc,obj-c++,treelang --prefix=/usr --enable-shared --with-system-zlib --libexecdir=/usr/lib --without-included-gettext --enable-threads=posix --enable-nls --program-suffix=-4.1 --enable-__cxa_atexit --enable-clocale=gnu --enable-libstdcxx-debug --enable-mpfr --with-tune=i686 --enable-checking=release i486-linux-gnu
Thread model: posix
gcc version 4.1.2 20061115 (prerelease) (Debian 4.1.1-21)
configure:3459: $? = 0
configure:3466: gcc -V >&5
gcc: '-V' option must have argument
configure:3469: $? = 1
configure:3492: checking for C compiler default output file name
configure:3519: gcc     conftest.c  >&5

## ---------------- ##
## Cache variables. ##
## ---------------- ##

ac_cv_build=i686-pc-linux-gnu
ac_cv_env_CCASFLAGS_set=
ac_cv_env_CCASFLAGS_value=
ac_cv_env_CCAS_set=
ac_cv_env_CCAS_value=
ac_cv_env_CCC_set=
ac_cv_env_CCC_value=
ac_cv_env_CC_set=
ac_cv_env_CC_value=
ac_cv_env_CFLAGS_set=
ac_cv_env_CFLAGS_value=
ac_cv_env_CPPFLAGS_set=
ac_cv_env_CPPFLAGS_value=
ac_cv_env_CPP_set=
ac_cv_env_CPP_value=
ac_cv_env_CXXCPP_set=
ac_cv_env_CXXCPP_value=
ac_cv_env_CXXFLAGS_set=
ac_cv_env_CXXFLAGS_value=
ac_cv_env_CXX_set=
ac_cv_env_CXX_value=
ac_cv_env_F77_set=
ac_cv_env_F77_value=
ac_cv_env_FFLAGS_set=
ac_cv_env_FFLAGS_value=
ac_cv_env_LDFLAGS_set=
ac_cv_env_LDFLAGS_value=
ac_cv_env_LIBS_set=
ac_cv_env_LIBS_value=
ac_cv_env_PKG_CONFIG_set=
ac_cv_env_PKG_CONFIG_value=
ac_cv_env_XMKMF_set=
ac_cv_env_XMKMF_value=
ac_cv_env_build_alias_set=
ac_cv_env_build_alias_value=
ac_cv_env_host_alias_set=
ac_cv_env_host_alias_value=
ac_cv_env_ksquirrellibs_CFLAGS_set=
ac_cv_env_ksquirrellibs_CFLAGS_value=
ac_cv_env_ksquirrellibs_LIBS_set=
ac_cv_env_ksquirrellibs_LIBS_value=
ac_cv_env_libkexif_CFLAGS_set=
ac_cv_env_libkexif_CFLAGS_value=
ac_cv_env_libkexif_LIBS_set=
ac_cv_env_libkexif_LIBS_value=
ac_cv_env_libkipi_CFLAGS_set=
ac_cv_env_libkipi_CFLAGS_value=
ac_cv_env_libkipi_LIBS_set=
ac_cv_env_libkipi_LIBS_value=
ac_cv_env_target_alias_set=
ac_cv_env_target_alias_value=
ac_cv_host=i686-pc-linux-gnu
ac_cv_path_install='/usr/bin/install -c'
ac_cv_prog_AWK=gawk
ac_cv_prog_ac_ct_CC=gcc
ac_cv_prog_make_make_set=yes
ac_cv_target=i686-pc-linux-gnu
kde_cv_path=/usr/bin/kde-config
kde_cv_path_kde_config=/usr/bin/kde-config

## ----------------- ##
## Output variables. ##
## ----------------- ##

ACLOCAL='${SHELL} /home/krasu/tmp/1/ksquirrel-0.7.1/admin/missing --run aclocal-1.9'
AMDEPBACKSLASH='\'
AMDEP_FALSE='#'
AMDEP_TRUE=''
AMTAR='${SHELL} /home/krasu/tmp/1/ksquirrel-0.7.1/admin/missing --run tar'
AR=''
ARTSCCONFIG=''
AUTOCONF='${SHELL} /home/krasu/tmp/1/ksquirrel-0.7.1/admin/missing --run autoconf'
AUTODIRS=''
AUTOHEADER='${SHELL} /home/krasu/tmp/1/ksquirrel-0.7.1/admin/missing --run autoheader'
AUTOMAKE='${SHELL} /home/krasu/tmp/1/ksquirrel-0.7.1/admin/missing --run automake-1.9'
AWK='gawk'
CC='gcc'
CCAS=''
CCASFLAGS=''
CCDEPMODE=''
CFLAGS=' '
CONF_FILES=' $(top_srcdir)/./admin/configure.in.min $(top_srcdir)/configure.in.in'
CPP=''
CPPFLAGS=''
CXX=''
CXXCPP=''
CXXDEPMODE=''
CXXFLAGS=''
CYGPATH_W='echo'
DCOPIDL2CPP=''
DCOPIDL=''
DCOPIDLNG=''
DCOP_DEPENDENCIES=''
DEFS=''
DEPDIR='.deps'
ECHO='echo'
ECHO_C=''
ECHO_N='-n'
ECHO_T=''
EGREP=''
ENABLE_PERMISSIVE_FLAG=''
EXEEXT=''
F77=''
FFLAGS=''
FRAMEWORK_COREAUDIO=''
GMSGFMT=''
GREP=''
HAVE_GCC_VISIBILITY=''
INSTALL_DATA='${INSTALL} -m 644'
INSTALL_PROGRAM='${INSTALL} $(INSTALL_STRIP_FLAG)'
INSTALL_SCRIPT='${INSTALL}'
INSTALL_STRIP_PROGRAM='${SHELL} $(install_sh) -c -s'
KCFG_DEPENDENCIES=''
KCONFIG_COMPILER=''
KDECONFIG='/usr/bin/kde-config'
KDE_CHECK_PLUGIN=''
KDE_EXTRA_RPATH=''
KDE_INCLUDES=''
KDE_LDFLAGS=''
KDE_MT_LDFLAGS=''
KDE_MT_LIBS=''
KDE_NO_UNDEFINED=''
KDE_PLUGIN=''
KDE_RPATH=''
KDE_USE_CLOSURE_FALSE=''
KDE_USE_CLOSURE_TRUE=''
KDE_USE_FINAL_FALSE=''
KDE_USE_FINAL_TRUE=''
KDE_USE_FPIE=''
KDE_USE_NMCHECK_FALSE=''
KDE_USE_NMCHECK_TRUE=''
KDE_USE_PIE=''
KDE_XSL_STYLESHEET=''
LDFLAGS=''
LDFLAGS_AS_NEEDED=''
LDFLAGS_NEW_DTAGS=''
LIBCOMPAT=''
LIBCRYPT=''
LIBDL=''
LIBJPEG=''
LIBOBJS=''
LIBPNG=''
LIBPTHREAD=''
LIBRESOLV=''
LIBS=''
LIBSM=''
LIBSOCKET=''
LIBTOOL=''
LIBUCB=''
LIBUTIL=''
LIBZ=''
LIB_KAB=''
LIB_KABC=''
LIB_KDECORE=''
LIB_KDED=''
LIB_KDEPIM=''
LIB_KDEPRINT=''
LIB_KDEUI=''
LIB_KDNSSD=''
LIB_KFILE=''
LIB_KFM=''
LIB_KHTML=''
LIB_KIMPROXY=''
LIB_KIO=''
LIB_KJS=''
LIB_KNEWSTUFF=''
LIB_KPARTS=''
LIB_KSPELL=''
LIB_KSYCOCA=''
LIB_KUNITTEST=''
LIB_KUTILS=''
LIB_POLL=''
LIB_QPE=''
LIB_QT=''
LIB_SMB=''
LIB_X11=''
LIB_XEXT=''
LIB_XRENDER=''
LN_S=''
LTLIBOBJS=''
MAKEINFO='${SHELL} /home/krasu/tmp/1/ksquirrel-0.7.1/admin/missing --run makeinfo'
MAKEKDEWIDGETS=''
MCOPIDL=''
MEINPROC=''
MOC=''
MSGFMT=''
NOOPT_CFLAGS=''
NOOPT_CXXFLAGS=''
OBJEXT=''
PACKAGE='ksquirrel'
PACKAGE_BUGREPORT=''
PACKAGE_NAME=''
PACKAGE_STRING=''
PACKAGE_TARNAME=''
PACKAGE_VERSION=''
PATH_SEPARATOR=':'
PERL=''
PKG_CONFIG=''
QTE_NORTTI=''
QT_INCLUDES=''
QT_LDFLAGS=''
RANLIB=''
SET_MAKE=''
SHELL='/bin/bash'
SQ_HAVE_KEXIF_FALSE=''
SQ_HAVE_KEXIF_TRUE=''
SQ_HAVE_KIPI_FALSE=''
SQ_HAVE_KIPI_TRUE=''
STRIP=''
TOPSUBDIRS=''
UIC=''
UIC_TR=''
USER_INCLUDES=''
USER_LDFLAGS=''
USE_EXCEPTIONS=''
USE_MMX_FALSE=''
USE_MMX_TRUE=''
USE_RTTI=''
USE_THREADS=''
VERSION='0.7.1'
WOVERLOADED_VIRTUAL=''
XGETTEXT=''
XMKMF=''
XMLLINT=''
X_EXTRA_LIBS=''
X_INCLUDES=''
X_LDFLAGS=''
X_PRE_LIBS=''
X_RPATH=''
ac_ct_CC='gcc'
ac_ct_CXX=''
ac_ct_F77=''
all_includes=''
all_libraries=''
am__fastdepCC_FALSE=''
am__fastdepCC_TRUE=''
am__fastdepCXX_FALSE=''
am__fastdepCXX_TRUE=''
am__include='include'
am__leading_dot='.'
am__quote=''
am__tar='${AMTAR} chof - "$$tardir"'
am__untar='${AMTAR} xf -'
bindir='${exec_prefix}/bin'
build='i686-pc-linux-gnu'
build_alias=''
build_cpu='i686'
build_os='linux-gnu'
build_vendor='pc'
datadir='${datarootdir}'
datarootdir='${prefix}/share'
docdir='${datarootdir}/doc/${PACKAGE}'
dvidir='${docdir}'
exec_prefix='NONE'
host='i686-pc-linux-gnu'
host_alias=''
host_cpu='i686'
host_os='linux-gnu'
host_vendor='pc'
htmldir='${docdir}'
include_ARTS_FALSE=''
include_ARTS_TRUE=''
include_x11_FALSE=''
include_x11_TRUE=''
includedir='${prefix}/include'
infodir='${datarootdir}/info'
install_sh='/home/krasu/tmp/1/ksquirrel-0.7.1/admin/install-sh'
kde_appsdir=''
kde_bindir=''
kde_confdir=''
kde_datadir=''
kde_htmldir=''
kde_icondir=''
kde_includes=''
kde_kcfgdir=''
kde_libraries=''
kde_libs_htmldir='/usr/share/doc/kde/HTML'
kde_libs_prefix='/usr'
kde_locale=''
kde_mimedir=''
kde_moduledir=''
kde_qtver=''
kde_servicesdir=''
kde_servicetypesdir=''
kde_sounddir=''
kde_styledir=''
kde_templatesdir=''
kde_wallpaperdir=''
kde_widgetdir=''
kdeinitdir=''
ksquirrellibs_CFLAGS=''
ksquirrellibs_LIBS=''
libdir='${exec_prefix}/lib'
libexecdir='${exec_prefix}/libexec'
libkexif_CFLAGS=''
libkexif_LIBS=''
libkipi_CFLAGS=''
libkipi_LIBS=''
localedir='${datarootdir}/locale'
localstatedir='${prefix}/var'
mandir='${datarootdir}/man'
mkdir_p='mkdir -p --'
oldincludedir='/usr/include'
pdfdir='${docdir}'
prefix='/usr'
program_transform_name='s,x,x,'
psdir='${docdir}'
qt_includes=''
qt_libraries=''
sbindir='${exec_prefix}/sbin'
sharedstatedir='${prefix}/com'
sysconfdir='${prefix}/etc'
target='i686-pc-linux-gnu'
target_alias=''
target_cpu='i686'
target_os='linux-gnu'
target_vendor='pc'
unsermake_enable_pch_FALSE=''
unsermake_enable_pch_TRUE=''
x_includes='NONE'
x_libraries='NONE'
xdg_appsdir=''
xdg_directorydir=''
xdg_menudir=''

## ----------- ##
## confdefs.h. ##
## ----------- ##

#define PACKAGE_NAME ""
#define PACKAGE_TARNAME ""
#define PACKAGE_VERSION ""
#define PACKAGE_STRING ""
#define PACKAGE_BUGREPORT ""
#define PACKAGE "ksquirrel"
#define VERSION "0.7.1"

configure: caught signal 2
configure: exit 1
